Traceback (most recent call last):
  File "/Users/harui/opt/anaconda3/envs/quantumsphere11/lib/python3.11/site-packages/jupyter_cache/executors/utils.py", line 58, in single_nb_execution
    executenb(
  File "/Users/harui/opt/anaconda3/envs/quantumsphere11/lib/python3.11/site-packages/nbclient/client.py", line 1269, in execute
    return NotebookClient(nb=nb, resources=resources, km=km, **kwargs).execute()
           ^^^^^^^^^^^^^^^^^^^^^^^^^^^^^^^^^^^^^^^^^^^^^^^^^^^^^^^^^^^^^^^^^^^^^
  File "/Users/harui/opt/anaconda3/envs/quantumsphere11/lib/python3.11/site-packages/nbclient/util.py", line 85, in wrapped
    return just_run(coro(*args, **kwargs))
           ^^^^^^^^^^^^^^^^^^^^^^^^^^^^^^^
  File "/Users/harui/opt/anaconda3/envs/quantumsphere11/lib/python3.11/site-packages/nbclient/util.py", line 60, in just_run
    return loop.run_until_complete(coro)
           ^^^^^^^^^^^^^^^^^^^^^^^^^^^^^
  File "/Users/harui/opt/anaconda3/envs/quantumsphere11/lib/python3.11/asyncio/base_events.py", line 653, in run_until_complete
    return future.result()
           ^^^^^^^^^^^^^^^
  File "/Users/harui/opt/anaconda3/envs/quantumsphere11/lib/python3.11/site-packages/nbclient/client.py", line 707, in async_execute
    await self.async_execute_cell(
  File "/Users/harui/opt/anaconda3/envs/quantumsphere11/lib/python3.11/site-packages/nbclient/client.py", line 1025, in async_execute_cell
    await self._check_raise_for_error(cell, cell_index, exec_reply)
  File "/Users/harui/opt/anaconda3/envs/quantumsphere11/lib/python3.11/site-packages/nbclient/client.py", line 919, in _check_raise_for_error
    raise CellExecutionError.from_cell_and_msg(cell, exec_reply_content)
nbclient.exceptions.CellExecutionError: An error occurred while executing the following cell:
------------------
from qiskit.providers.basic_provider import BasicProvider

basic_provider = BasicProvider()
backend_sim = basic_provider.get_backend("basic_simulator")
------------------

[0;31m---------------------------------------------------------------------------[0m
[0;31mModuleNotFoundError[0m                       Traceback (most recent call last)
Cell [0;32mIn[3], line 1[0m
[0;32m----> 1[0m [38;5;28;01mfrom[39;00m [38;5;21;01mqiskit[39;00m[38;5;21;01m.[39;00m[38;5;21;01mproviders[39;00m[38;5;21;01m.[39;00m[38;5;21;01mbasic_provider[39;00m [38;5;28;01mimport[39;00m BasicProvider
[1;32m      3[0m basic_provider [38;5;241m=[39m BasicProvider()
[1;32m      4[0m backend_sim [38;5;241m=[39m basic_provider[38;5;241m.[39mget_backend([38;5;124m"[39m[38;5;124mbasic_simulator[39m[38;5;124m"[39m)

[0;31mModuleNotFoundError[0m: No module named 'qiskit.providers.basic_provider'
ModuleNotFoundError: No module named 'qiskit.providers.basic_provider'

